<?xml version="1.0" encoding="UTF-8"?>
<!-- Generated by org.testng.reporters.JUnitReportReporter -->
<testsuite name="com.framework.testcases.TC_001_Validate_Login_Page" tests="1" time="0.414" ignored="0" failures="0" timestamp="22 Jun 2020 09:50:41 GMT" skipped="1" hostname="DESKTOP-8FKLJ50" errors="0">
  <testcase name="tC_001_Validate_Login_Page" time="0.414" classname="com.framework.testcases.TC_001_Validate_Login_Page">
    <skipped/>
  </testcase> <!-- tC_001_Validate_Login_Page -->
</testsuite> <!-- com.framework.testcases.TC_001_Validate_Login_Page -->
