<?xml version="1.0" encoding="UTF-8"?>
<!-- Generated by org.testng.reporters.JUnitReportReporter -->
<testsuite name="com.framework.testcases.TC_001_Validate_Login_Page" tests="1" time="26.290" ignored="0" failures="0" timestamp="19 Jun 2020 09:08:18 GMT" skipped="0" hostname="DESKTOP-8FKLJ50" errors="0">
  <testcase name="validate_Login_Page" time="26.290" classname="com.framework.testcases.TC_001_Validate_Login_Page"/>
</testsuite> <!-- com.framework.testcases.TC_001_Validate_Login_Page -->
